ARM GAS  /tmp/ccEGMemo.s 			page 1


   1              		.cpu cortex-m4
   2              		.arch armv7e-m
   3              		.fpu fpv4-sp-d16
   4              		.eabi_attribute 27, 1
   5              		.eabi_attribute 28, 1
   6              		.eabi_attribute 20, 1
   7              		.eabi_attribute 21, 1
   8              		.eabi_attribute 23, 3
   9              		.eabi_attribute 24, 1
  10              		.eabi_attribute 25, 1
  11              		.eabi_attribute 26, 1
  12              		.eabi_attribute 30, 1
  13              		.eabi_attribute 34, 1
  14              		.eabi_attribute 18, 4
  15              		.file	"stm32f4xx_it.c"
  16              		.text
  17              	.Ltext0:
  18              		.cfi_sections	.debug_frame
  19              		.file 1 "Core/Src/stm32f4xx_it.c"
  20              		.section	.text.NMI_Handler,"ax",%progbits
  21              		.align	1
  22              		.global	NMI_Handler
  23              		.syntax unified
  24              		.thumb
  25              		.thumb_func
  27              	NMI_Handler:
  28              	.LFB133:
   1:Core/Src/stm32f4xx_it.c **** /* USER CODE BEGIN Header */
   2:Core/Src/stm32f4xx_it.c **** /**
   3:Core/Src/stm32f4xx_it.c ****   ******************************************************************************
   4:Core/Src/stm32f4xx_it.c ****   * @file    stm32f4xx_it.c
   5:Core/Src/stm32f4xx_it.c ****   * @brief   Interrupt Service Routines.
   6:Core/Src/stm32f4xx_it.c ****   ******************************************************************************
   7:Core/Src/stm32f4xx_it.c ****   * @attention
   8:Core/Src/stm32f4xx_it.c ****   *
   9:Core/Src/stm32f4xx_it.c ****   * Copyright (c) 2023 STMicroelectronics.
  10:Core/Src/stm32f4xx_it.c ****   * All rights reserved.
  11:Core/Src/stm32f4xx_it.c ****   *
  12:Core/Src/stm32f4xx_it.c ****   * This software is licensed under terms that can be found in the LICENSE file
  13:Core/Src/stm32f4xx_it.c ****   * in the root directory of this software component.
  14:Core/Src/stm32f4xx_it.c ****   * If no LICENSE file comes with this software, it is provided AS-IS.
  15:Core/Src/stm32f4xx_it.c ****   *
  16:Core/Src/stm32f4xx_it.c ****   ******************************************************************************
  17:Core/Src/stm32f4xx_it.c ****   */
  18:Core/Src/stm32f4xx_it.c **** /* USER CODE END Header */
  19:Core/Src/stm32f4xx_it.c **** 
  20:Core/Src/stm32f4xx_it.c **** /* Includes ------------------------------------------------------------------*/
  21:Core/Src/stm32f4xx_it.c **** #include "main.h"
  22:Core/Src/stm32f4xx_it.c **** #include "stdio.h"
  23:Core/Src/stm32f4xx_it.c **** #include "stm32f4xx_it.h"
  24:Core/Src/stm32f4xx_it.c **** /* Private includes ----------------------------------------------------------*/
  25:Core/Src/stm32f4xx_it.c **** /* USER CODE BEGIN Includes */
  26:Core/Src/stm32f4xx_it.c **** /* USER CODE END Includes */
  27:Core/Src/stm32f4xx_it.c **** 
  28:Core/Src/stm32f4xx_it.c **** /* Private typedef -----------------------------------------------------------*/
  29:Core/Src/stm32f4xx_it.c **** /* USER CODE BEGIN TD */
  30:Core/Src/stm32f4xx_it.c **** 
ARM GAS  /tmp/ccEGMemo.s 			page 2


  31:Core/Src/stm32f4xx_it.c **** /* USER CODE END TD */
  32:Core/Src/stm32f4xx_it.c **** 
  33:Core/Src/stm32f4xx_it.c **** /* Private define ------------------------------------------------------------*/
  34:Core/Src/stm32f4xx_it.c **** /* USER CODE BEGIN PD */
  35:Core/Src/stm32f4xx_it.c **** 
  36:Core/Src/stm32f4xx_it.c **** /* USER CODE END PD */
  37:Core/Src/stm32f4xx_it.c **** 
  38:Core/Src/stm32f4xx_it.c **** /* Private macro -------------------------------------------------------------*/
  39:Core/Src/stm32f4xx_it.c **** /* USER CODE BEGIN PM */
  40:Core/Src/stm32f4xx_it.c **** 
  41:Core/Src/stm32f4xx_it.c **** /* USER CODE END PM */
  42:Core/Src/stm32f4xx_it.c **** 
  43:Core/Src/stm32f4xx_it.c **** /* Private variables ---------------------------------------------------------*/
  44:Core/Src/stm32f4xx_it.c **** /* USER CODE BEGIN PV */
  45:Core/Src/stm32f4xx_it.c **** 
  46:Core/Src/stm32f4xx_it.c **** /* USER CODE END PV */
  47:Core/Src/stm32f4xx_it.c **** 
  48:Core/Src/stm32f4xx_it.c **** /* Private function prototypes -----------------------------------------------*/
  49:Core/Src/stm32f4xx_it.c **** /* USER CODE BEGIN PFP */
  50:Core/Src/stm32f4xx_it.c **** 
  51:Core/Src/stm32f4xx_it.c **** /* USER CODE END PFP */
  52:Core/Src/stm32f4xx_it.c **** 
  53:Core/Src/stm32f4xx_it.c **** /* Private user code ---------------------------------------------------------*/
  54:Core/Src/stm32f4xx_it.c **** /* USER CODE BEGIN 0 */
  55:Core/Src/stm32f4xx_it.c **** 
  56:Core/Src/stm32f4xx_it.c **** /* USER CODE END 0 */
  57:Core/Src/stm32f4xx_it.c **** 
  58:Core/Src/stm32f4xx_it.c **** /* External variables --------------------------------------------------------*/
  59:Core/Src/stm32f4xx_it.c **** extern UART_HandleTypeDef huart1;
  60:Core/Src/stm32f4xx_it.c **** extern TIM_HandleTypeDef htim6;
  61:Core/Src/stm32f4xx_it.c **** /* USER CODE BEGIN EV */
  62:Core/Src/stm32f4xx_it.c **** extern int i_flash;
  63:Core/Src/stm32f4xx_it.c **** /* USER CODE END EV */
  64:Core/Src/stm32f4xx_it.c **** 
  65:Core/Src/stm32f4xx_it.c **** /******************************************************************************/
  66:Core/Src/stm32f4xx_it.c **** /*           Cortex-M4 Processor Interruption and Exception Handlers          */
  67:Core/Src/stm32f4xx_it.c **** /******************************************************************************/
  68:Core/Src/stm32f4xx_it.c **** /**
  69:Core/Src/stm32f4xx_it.c ****   * @brief This function handles Non maskable interrupt.
  70:Core/Src/stm32f4xx_it.c ****   */
  71:Core/Src/stm32f4xx_it.c **** void NMI_Handler(void)
  72:Core/Src/stm32f4xx_it.c **** {
  29              		.loc 1 72 1 view -0
  30              		.cfi_startproc
  31              		@ Volatile: function does not return.
  32              		@ args = 0, pretend = 0, frame = 0
  33              		@ frame_needed = 0, uses_anonymous_args = 0
  34              		@ link register save eliminated.
  35              	.L2:
  73:Core/Src/stm32f4xx_it.c ****   /* USER CODE BEGIN NonMaskableInt_IRQn 0 */
  74:Core/Src/stm32f4xx_it.c **** 
  75:Core/Src/stm32f4xx_it.c ****   /* USER CODE END NonMaskableInt_IRQn 0 */
  76:Core/Src/stm32f4xx_it.c ****   /* USER CODE BEGIN NonMaskableInt_IRQn 1 */
  77:Core/Src/stm32f4xx_it.c ****   while (1)
  36              		.loc 1 77 3 view .LVU1
  78:Core/Src/stm32f4xx_it.c ****   {
  79:Core/Src/stm32f4xx_it.c ****   }
ARM GAS  /tmp/ccEGMemo.s 			page 3


  37              		.loc 1 79 3 view .LVU2
  77:Core/Src/stm32f4xx_it.c ****   {
  38              		.loc 1 77 9 view .LVU3
  39 0000 FEE7     		b	.L2
  40              		.cfi_endproc
  41              	.LFE133:
  43              		.section	.text.HardFault_Handler,"ax",%progbits
  44              		.align	1
  45              		.global	HardFault_Handler
  46              		.syntax unified
  47              		.thumb
  48              		.thumb_func
  50              	HardFault_Handler:
  51              	.LFB134:
  80:Core/Src/stm32f4xx_it.c ****   /* USER CODE END NonMaskableInt_IRQn 1 */
  81:Core/Src/stm32f4xx_it.c **** }
  82:Core/Src/stm32f4xx_it.c **** 
  83:Core/Src/stm32f4xx_it.c **** /**
  84:Core/Src/stm32f4xx_it.c ****   * @brief This function handles Hard fault interrupt.
  85:Core/Src/stm32f4xx_it.c ****   */
  86:Core/Src/stm32f4xx_it.c **** void HardFault_Handler(void)
  87:Core/Src/stm32f4xx_it.c **** {
  52              		.loc 1 87 1 view -0
  53              		.cfi_startproc
  54              		@ Volatile: function does not return.
  55              		@ args = 0, pretend = 0, frame = 0
  56              		@ frame_needed = 0, uses_anonymous_args = 0
  57              		@ link register save eliminated.
  58              	.L4:
  88:Core/Src/stm32f4xx_it.c ****   /* USER CODE BEGIN HardFault_IRQn 0 */
  89:Core/Src/stm32f4xx_it.c **** 
  90:Core/Src/stm32f4xx_it.c ****   /* USER CODE END HardFault_IRQn 0 */
  91:Core/Src/stm32f4xx_it.c ****   while (1)
  59              		.loc 1 91 3 view .LVU5
  92:Core/Src/stm32f4xx_it.c ****   {
  93:Core/Src/stm32f4xx_it.c ****     /* USER CODE BEGIN W1_HardFault_IRQn 0 */
  94:Core/Src/stm32f4xx_it.c ****     /* USER CODE END W1_HardFault_IRQn 0 */
  95:Core/Src/stm32f4xx_it.c ****   }
  60              		.loc 1 95 3 view .LVU6
  91:Core/Src/stm32f4xx_it.c ****   {
  61              		.loc 1 91 9 view .LVU7
  62 0000 FEE7     		b	.L4
  63              		.cfi_endproc
  64              	.LFE134:
  66              		.section	.text.MemManage_Handler,"ax",%progbits
  67              		.align	1
  68              		.global	MemManage_Handler
  69              		.syntax unified
  70              		.thumb
  71              		.thumb_func
  73              	MemManage_Handler:
  74              	.LFB135:
  96:Core/Src/stm32f4xx_it.c **** }
  97:Core/Src/stm32f4xx_it.c **** 
  98:Core/Src/stm32f4xx_it.c **** /**
  99:Core/Src/stm32f4xx_it.c ****   * @brief This function handles Memory management fault.
 100:Core/Src/stm32f4xx_it.c ****   */
ARM GAS  /tmp/ccEGMemo.s 			page 4


 101:Core/Src/stm32f4xx_it.c **** void MemManage_Handler(void)
 102:Core/Src/stm32f4xx_it.c **** {
  75              		.loc 1 102 1 view -0
  76              		.cfi_startproc
  77              		@ Volatile: function does not return.
  78              		@ args = 0, pretend = 0, frame = 0
  79              		@ frame_needed = 0, uses_anonymous_args = 0
  80              		@ link register save eliminated.
  81              	.L6:
 103:Core/Src/stm32f4xx_it.c ****   /* USER CODE BEGIN MemoryManagement_IRQn 0 */
 104:Core/Src/stm32f4xx_it.c **** 
 105:Core/Src/stm32f4xx_it.c ****   /* USER CODE END MemoryManagement_IRQn 0 */
 106:Core/Src/stm32f4xx_it.c ****   while (1)
  82              		.loc 1 106 3 view .LVU9
 107:Core/Src/stm32f4xx_it.c ****   {
 108:Core/Src/stm32f4xx_it.c ****     /* USER CODE BEGIN W1_MemoryManagement_IRQn 0 */
 109:Core/Src/stm32f4xx_it.c ****     /* USER CODE END W1_MemoryManagement_IRQn 0 */
 110:Core/Src/stm32f4xx_it.c ****   }
  83              		.loc 1 110 3 view .LVU10
 106:Core/Src/stm32f4xx_it.c ****   {
  84              		.loc 1 106 9 view .LVU11
  85 0000 FEE7     		b	.L6
  86              		.cfi_endproc
  87              	.LFE135:
  89              		.section	.text.BusFault_Handler,"ax",%progbits
  90              		.align	1
  91              		.global	BusFault_Handler
  92              		.syntax unified
  93              		.thumb
  94              		.thumb_func
  96              	BusFault_Handler:
  97              	.LFB136:
 111:Core/Src/stm32f4xx_it.c **** }
 112:Core/Src/stm32f4xx_it.c **** 
 113:Core/Src/stm32f4xx_it.c **** /**
 114:Core/Src/stm32f4xx_it.c ****   * @brief This function handles Pre-fetch fault, memory access fault.
 115:Core/Src/stm32f4xx_it.c ****   */
 116:Core/Src/stm32f4xx_it.c **** void BusFault_Handler(void)
 117:Core/Src/stm32f4xx_it.c **** {
  98              		.loc 1 117 1 view -0
  99              		.cfi_startproc
 100              		@ Volatile: function does not return.
 101              		@ args = 0, pretend = 0, frame = 0
 102              		@ frame_needed = 0, uses_anonymous_args = 0
 103              		@ link register save eliminated.
 104              	.L8:
 118:Core/Src/stm32f4xx_it.c ****   /* USER CODE BEGIN BusFault_IRQn 0 */
 119:Core/Src/stm32f4xx_it.c **** 
 120:Core/Src/stm32f4xx_it.c ****   /* USER CODE END BusFault_IRQn 0 */
 121:Core/Src/stm32f4xx_it.c ****   while (1)
 105              		.loc 1 121 3 view .LVU13
 122:Core/Src/stm32f4xx_it.c ****   {
 123:Core/Src/stm32f4xx_it.c ****     /* USER CODE BEGIN W1_BusFault_IRQn 0 */
 124:Core/Src/stm32f4xx_it.c ****     /* USER CODE END W1_BusFault_IRQn 0 */
 125:Core/Src/stm32f4xx_it.c ****   }
 106              		.loc 1 125 3 view .LVU14
 121:Core/Src/stm32f4xx_it.c ****   {
ARM GAS  /tmp/ccEGMemo.s 			page 5


 107              		.loc 1 121 9 view .LVU15
 108 0000 FEE7     		b	.L8
 109              		.cfi_endproc
 110              	.LFE136:
 112              		.section	.text.UsageFault_Handler,"ax",%progbits
 113              		.align	1
 114              		.global	UsageFault_Handler
 115              		.syntax unified
 116              		.thumb
 117              		.thumb_func
 119              	UsageFault_Handler:
 120              	.LFB137:
 126:Core/Src/stm32f4xx_it.c **** }
 127:Core/Src/stm32f4xx_it.c **** 
 128:Core/Src/stm32f4xx_it.c **** /**
 129:Core/Src/stm32f4xx_it.c ****   * @brief This function handles Undefined instruction or illegal state.
 130:Core/Src/stm32f4xx_it.c ****   */
 131:Core/Src/stm32f4xx_it.c **** void UsageFault_Handler(void)
 132:Core/Src/stm32f4xx_it.c **** {
 121              		.loc 1 132 1 view -0
 122              		.cfi_startproc
 123              		@ Volatile: function does not return.
 124              		@ args = 0, pretend = 0, frame = 0
 125              		@ frame_needed = 0, uses_anonymous_args = 0
 126              		@ link register save eliminated.
 127              	.L10:
 133:Core/Src/stm32f4xx_it.c ****   /* USER CODE BEGIN UsageFault_IRQn 0 */
 134:Core/Src/stm32f4xx_it.c **** 
 135:Core/Src/stm32f4xx_it.c ****   /* USER CODE END UsageFault_IRQn 0 */
 136:Core/Src/stm32f4xx_it.c ****   while (1)
 128              		.loc 1 136 3 view .LVU17
 137:Core/Src/stm32f4xx_it.c ****   {
 138:Core/Src/stm32f4xx_it.c ****     /* USER CODE BEGIN W1_UsageFault_IRQn 0 */
 139:Core/Src/stm32f4xx_it.c ****     /* USER CODE END W1_UsageFault_IRQn 0 */
 140:Core/Src/stm32f4xx_it.c ****   }
 129              		.loc 1 140 3 view .LVU18
 136:Core/Src/stm32f4xx_it.c ****   {
 130              		.loc 1 136 9 view .LVU19
 131 0000 FEE7     		b	.L10
 132              		.cfi_endproc
 133              	.LFE137:
 135              		.section	.text.SVC_Handler,"ax",%progbits
 136              		.align	1
 137              		.global	SVC_Handler
 138              		.syntax unified
 139              		.thumb
 140              		.thumb_func
 142              	SVC_Handler:
 143              	.LFB138:
 141:Core/Src/stm32f4xx_it.c **** }
 142:Core/Src/stm32f4xx_it.c **** 
 143:Core/Src/stm32f4xx_it.c **** /**
 144:Core/Src/stm32f4xx_it.c ****   * @brief This function handles System service call via SWI instruction.
 145:Core/Src/stm32f4xx_it.c ****   */
 146:Core/Src/stm32f4xx_it.c **** void SVC_Handler(void)
 147:Core/Src/stm32f4xx_it.c **** {
 144              		.loc 1 147 1 view -0
ARM GAS  /tmp/ccEGMemo.s 			page 6


 145              		.cfi_startproc
 146              		@ args = 0, pretend = 0, frame = 0
 147              		@ frame_needed = 0, uses_anonymous_args = 0
 148              		@ link register save eliminated.
 148:Core/Src/stm32f4xx_it.c ****   /* USER CODE BEGIN SVCall_IRQn 0 */
 149:Core/Src/stm32f4xx_it.c **** 
 150:Core/Src/stm32f4xx_it.c ****   /* USER CODE END SVCall_IRQn 0 */
 151:Core/Src/stm32f4xx_it.c ****   /* USER CODE BEGIN SVCall_IRQn 1 */
 152:Core/Src/stm32f4xx_it.c **** 
 153:Core/Src/stm32f4xx_it.c ****   /* USER CODE END SVCall_IRQn 1 */
 154:Core/Src/stm32f4xx_it.c **** }
 149              		.loc 1 154 1 view .LVU21
 150 0000 7047     		bx	lr
 151              		.cfi_endproc
 152              	.LFE138:
 154              		.section	.text.DebugMon_Handler,"ax",%progbits
 155              		.align	1
 156              		.global	DebugMon_Handler
 157              		.syntax unified
 158              		.thumb
 159              		.thumb_func
 161              	DebugMon_Handler:
 162              	.LFB139:
 155:Core/Src/stm32f4xx_it.c **** 
 156:Core/Src/stm32f4xx_it.c **** /**
 157:Core/Src/stm32f4xx_it.c ****   * @brief This function handles Debug monitor.
 158:Core/Src/stm32f4xx_it.c ****   */
 159:Core/Src/stm32f4xx_it.c **** void DebugMon_Handler(void)
 160:Core/Src/stm32f4xx_it.c **** {
 163              		.loc 1 160 1 view -0
 164              		.cfi_startproc
 165              		@ args = 0, pretend = 0, frame = 0
 166              		@ frame_needed = 0, uses_anonymous_args = 0
 167              		@ link register save eliminated.
 161:Core/Src/stm32f4xx_it.c ****   /* USER CODE BEGIN DebugMonitor_IRQn 0 */
 162:Core/Src/stm32f4xx_it.c **** 
 163:Core/Src/stm32f4xx_it.c ****   /* USER CODE END DebugMonitor_IRQn 0 */
 164:Core/Src/stm32f4xx_it.c ****   /* USER CODE BEGIN DebugMonitor_IRQn 1 */
 165:Core/Src/stm32f4xx_it.c **** 
 166:Core/Src/stm32f4xx_it.c ****   /* USER CODE END DebugMonitor_IRQn 1 */
 167:Core/Src/stm32f4xx_it.c **** }
 168              		.loc 1 167 1 view .LVU23
 169 0000 7047     		bx	lr
 170              		.cfi_endproc
 171              	.LFE139:
 173              		.section	.text.PendSV_Handler,"ax",%progbits
 174              		.align	1
 175              		.global	PendSV_Handler
 176              		.syntax unified
 177              		.thumb
 178              		.thumb_func
 180              	PendSV_Handler:
 181              	.LFB140:
 168:Core/Src/stm32f4xx_it.c **** 
 169:Core/Src/stm32f4xx_it.c **** /**
 170:Core/Src/stm32f4xx_it.c ****   * @brief This function handles Pendable request for system service.
 171:Core/Src/stm32f4xx_it.c ****   */
ARM GAS  /tmp/ccEGMemo.s 			page 7


 172:Core/Src/stm32f4xx_it.c **** void PendSV_Handler(void)
 173:Core/Src/stm32f4xx_it.c **** {
 182              		.loc 1 173 1 view -0
 183              		.cfi_startproc
 184              		@ args = 0, pretend = 0, frame = 0
 185              		@ frame_needed = 0, uses_anonymous_args = 0
 186              		@ link register save eliminated.
 174:Core/Src/stm32f4xx_it.c ****   /* USER CODE BEGIN PendSV_IRQn 0 */
 175:Core/Src/stm32f4xx_it.c **** 
 176:Core/Src/stm32f4xx_it.c ****   /* USER CODE END PendSV_IRQn 0 */
 177:Core/Src/stm32f4xx_it.c ****   /* USER CODE BEGIN PendSV_IRQn 1 */
 178:Core/Src/stm32f4xx_it.c **** 
 179:Core/Src/stm32f4xx_it.c ****   /* USER CODE END PendSV_IRQn 1 */
 180:Core/Src/stm32f4xx_it.c **** }
 187              		.loc 1 180 1 view .LVU25
 188 0000 7047     		bx	lr
 189              		.cfi_endproc
 190              	.LFE140:
 192              		.section	.text.SysTick_Handler,"ax",%progbits
 193              		.align	1
 194              		.global	SysTick_Handler
 195              		.syntax unified
 196              		.thumb
 197              		.thumb_func
 199              	SysTick_Handler:
 200              	.LFB141:
 181:Core/Src/stm32f4xx_it.c **** 
 182:Core/Src/stm32f4xx_it.c **** /**
 183:Core/Src/stm32f4xx_it.c ****   * @brief This function handles System tick timer.
 184:Core/Src/stm32f4xx_it.c ****   */
 185:Core/Src/stm32f4xx_it.c **** void SysTick_Handler(void)
 186:Core/Src/stm32f4xx_it.c **** {
 201              		.loc 1 186 1 view -0
 202              		.cfi_startproc
 203              		@ args = 0, pretend = 0, frame = 0
 204              		@ frame_needed = 0, uses_anonymous_args = 0
 205 0000 08B5     		push	{r3, lr}
 206              	.LCFI0:
 207              		.cfi_def_cfa_offset 8
 208              		.cfi_offset 3, -8
 209              		.cfi_offset 14, -4
 187:Core/Src/stm32f4xx_it.c ****   /* USER CODE BEGIN SysTick_IRQn 0 */
 188:Core/Src/stm32f4xx_it.c **** 
 189:Core/Src/stm32f4xx_it.c ****   /* USER CODE END SysTick_IRQn 0 */
 190:Core/Src/stm32f4xx_it.c ****   HAL_IncTick();
 210              		.loc 1 190 3 view .LVU27
 211 0002 FFF7FEFF 		bl	HAL_IncTick
 212              	.LVL0:
 191:Core/Src/stm32f4xx_it.c ****   /* USER CODE BEGIN SysTick_IRQn 1 */
 192:Core/Src/stm32f4xx_it.c **** 
 193:Core/Src/stm32f4xx_it.c ****   /* USER CODE END SysTick_IRQn 1 */
 194:Core/Src/stm32f4xx_it.c **** }
 213              		.loc 1 194 1 is_stmt 0 view .LVU28
 214 0006 08BD     		pop	{r3, pc}
 215              		.cfi_endproc
 216              	.LFE141:
 218              		.section	.text.RCC_IRQHandler,"ax",%progbits
ARM GAS  /tmp/ccEGMemo.s 			page 8


 219              		.align	1
 220              		.global	RCC_IRQHandler
 221              		.syntax unified
 222              		.thumb
 223              		.thumb_func
 225              	RCC_IRQHandler:
 226              	.LFB142:
 195:Core/Src/stm32f4xx_it.c **** 
 196:Core/Src/stm32f4xx_it.c **** /******************************************************************************/
 197:Core/Src/stm32f4xx_it.c **** /* STM32F4xx Peripheral Interrupt Handlers                                    */
 198:Core/Src/stm32f4xx_it.c **** /* Add here the Interrupt Handlers for the used peripherals.                  */
 199:Core/Src/stm32f4xx_it.c **** /* For the available peripheral interrupt handler names,                      */
 200:Core/Src/stm32f4xx_it.c **** /* please refer to the startup file (startup_stm32f4xx.s).                    */
 201:Core/Src/stm32f4xx_it.c **** /******************************************************************************/
 202:Core/Src/stm32f4xx_it.c **** 
 203:Core/Src/stm32f4xx_it.c **** /**
 204:Core/Src/stm32f4xx_it.c ****   * @brief This function handles RCC global interrupt.
 205:Core/Src/stm32f4xx_it.c ****   */
 206:Core/Src/stm32f4xx_it.c **** void RCC_IRQHandler(void)
 207:Core/Src/stm32f4xx_it.c **** {
 227              		.loc 1 207 1 is_stmt 1 view -0
 228              		.cfi_startproc
 229              		@ args = 0, pretend = 0, frame = 0
 230              		@ frame_needed = 0, uses_anonymous_args = 0
 231              		@ link register save eliminated.
 208:Core/Src/stm32f4xx_it.c ****   /* USER CODE BEGIN RCC_IRQn 0 */
 209:Core/Src/stm32f4xx_it.c **** 
 210:Core/Src/stm32f4xx_it.c ****   /* USER CODE END RCC_IRQn 0 */
 211:Core/Src/stm32f4xx_it.c ****   /* USER CODE BEGIN RCC_IRQn 1 */
 212:Core/Src/stm32f4xx_it.c **** 
 213:Core/Src/stm32f4xx_it.c ****   /* USER CODE END RCC_IRQn 1 */
 214:Core/Src/stm32f4xx_it.c **** }
 232              		.loc 1 214 1 view .LVU30
 233 0000 7047     		bx	lr
 234              		.cfi_endproc
 235              	.LFE142:
 237              		.section	.text.USART1_IRQHandler,"ax",%progbits
 238              		.align	1
 239              		.global	USART1_IRQHandler
 240              		.syntax unified
 241              		.thumb
 242              		.thumb_func
 244              	USART1_IRQHandler:
 245              	.LFB143:
 215:Core/Src/stm32f4xx_it.c **** 
 216:Core/Src/stm32f4xx_it.c **** /**
 217:Core/Src/stm32f4xx_it.c ****   * @brief This function handles USART1 global interrupt.
 218:Core/Src/stm32f4xx_it.c ****   */
 219:Core/Src/stm32f4xx_it.c **** void USART1_IRQHandler(void)
 220:Core/Src/stm32f4xx_it.c **** {
 246              		.loc 1 220 1 view -0
 247              		.cfi_startproc
 248              		@ args = 0, pretend = 0, frame = 0
 249              		@ frame_needed = 0, uses_anonymous_args = 0
 250 0000 08B5     		push	{r3, lr}
 251              	.LCFI1:
 252              		.cfi_def_cfa_offset 8
ARM GAS  /tmp/ccEGMemo.s 			page 9


 253              		.cfi_offset 3, -8
 254              		.cfi_offset 14, -4
 221:Core/Src/stm32f4xx_it.c ****   /* USER CODE BEGIN USART1_IRQn 0 */
 222:Core/Src/stm32f4xx_it.c **** 
 223:Core/Src/stm32f4xx_it.c ****   /* USER CODE END USART1_IRQn 0 */
 224:Core/Src/stm32f4xx_it.c ****   HAL_UART_IRQHandler(&huart1);
 255              		.loc 1 224 3 view .LVU32
 256 0002 0248     		ldr	r0, .L19
 257 0004 FFF7FEFF 		bl	HAL_UART_IRQHandler
 258              	.LVL1:
 225:Core/Src/stm32f4xx_it.c ****   /* USER CODE BEGIN USART1_IRQn 1 */
 226:Core/Src/stm32f4xx_it.c **** 
 227:Core/Src/stm32f4xx_it.c ****   /* USER CODE END USART1_IRQn 1 */
 228:Core/Src/stm32f4xx_it.c **** }
 259              		.loc 1 228 1 is_stmt 0 view .LVU33
 260 0008 08BD     		pop	{r3, pc}
 261              	.L20:
 262 000a 00BF     		.align	2
 263              	.L19:
 264 000c 00000000 		.word	huart1
 265              		.cfi_endproc
 266              	.LFE143:
 268              		.section	.text.TIM6_DAC_IRQHandler,"ax",%progbits
 269              		.align	1
 270              		.global	TIM6_DAC_IRQHandler
 271              		.syntax unified
 272              		.thumb
 273              		.thumb_func
 275              	TIM6_DAC_IRQHandler:
 276              	.LFB144:
 229:Core/Src/stm32f4xx_it.c **** 
 230:Core/Src/stm32f4xx_it.c **** 
 231:Core/Src/stm32f4xx_it.c **** /**
 232:Core/Src/stm32f4xx_it.c ****   * @brief This function handles TIM6 global interrupt, DAC1 and DAC2 underrun error interrupts.
 233:Core/Src/stm32f4xx_it.c ****   */
 234:Core/Src/stm32f4xx_it.c **** void TIM6_DAC_IRQHandler(void)
 235:Core/Src/stm32f4xx_it.c **** {
 277              		.loc 1 235 1 is_stmt 1 view -0
 278              		.cfi_startproc
 279              		@ args = 0, pretend = 0, frame = 0
 280              		@ frame_needed = 0, uses_anonymous_args = 0
 281 0000 08B5     		push	{r3, lr}
 282              	.LCFI2:
 283              		.cfi_def_cfa_offset 8
 284              		.cfi_offset 3, -8
 285              		.cfi_offset 14, -4
 236:Core/Src/stm32f4xx_it.c ****   /* USER CODE BEGIN TIM6_DAC_IRQn 0 */
 237:Core/Src/stm32f4xx_it.c **** 
 238:Core/Src/stm32f4xx_it.c ****   /* USER CODE END TIM6_DAC_IRQn 0 */
 239:Core/Src/stm32f4xx_it.c ****   HAL_TIM_IRQHandler(&htim6);
 286              		.loc 1 239 3 view .LVU35
 287 0002 0248     		ldr	r0, .L23
 288 0004 FFF7FEFF 		bl	HAL_TIM_IRQHandler
 289              	.LVL2:
 240:Core/Src/stm32f4xx_it.c ****   /* USER CODE BEGIN TIM6_DAC_IRQn 1 */
 241:Core/Src/stm32f4xx_it.c **** 
 242:Core/Src/stm32f4xx_it.c ****   /* USER CODE END TIM6_DAC_IRQn 1 */
ARM GAS  /tmp/ccEGMemo.s 			page 10


 243:Core/Src/stm32f4xx_it.c **** }
 290              		.loc 1 243 1 is_stmt 0 view .LVU36
 291 0008 08BD     		pop	{r3, pc}
 292              	.L24:
 293 000a 00BF     		.align	2
 294              	.L23:
 295 000c 00000000 		.word	htim6
 296              		.cfi_endproc
 297              	.LFE144:
 299              		.section	.rodata.HAL_TIM_PeriodElapsedCallback.str1.4,"aMS",%progbits,1
 300              		.align	2
 301              	.LC0:
 302 0000 54494D36 		.ascii	"TIM6 expires: %ld\012\000"
 302      20657870 
 302      69726573 
 302      3A20256C 
 302      640A00
 303              		.section	.text.HAL_TIM_PeriodElapsedCallback,"ax",%progbits
 304              		.align	1
 305              		.global	HAL_TIM_PeriodElapsedCallback
 306              		.syntax unified
 307              		.thumb
 308              		.thumb_func
 310              	HAL_TIM_PeriodElapsedCallback:
 311              	.LVL3:
 312              	.LFB145:
 244:Core/Src/stm32f4xx_it.c **** 
 245:Core/Src/stm32f4xx_it.c **** /**
 246:Core/Src/stm32f4xx_it.c ****   * @brief  Period elapsed callback in non blocking mode
 247:Core/Src/stm32f4xx_it.c ****   * @param  htim : TIM handle
 248:Core/Src/stm32f4xx_it.c ****   * @retval None
 249:Core/Src/stm32f4xx_it.c ****   */
 250:Core/Src/stm32f4xx_it.c **** void HAL_TIM_PeriodElapsedCallback(TIM_HandleTypeDef *htim)
 251:Core/Src/stm32f4xx_it.c **** {
 313              		.loc 1 251 1 is_stmt 1 view -0
 314              		.cfi_startproc
 315              		@ args = 0, pretend = 0, frame = 0
 316              		@ frame_needed = 0, uses_anonymous_args = 0
 317              		.loc 1 251 1 is_stmt 0 view .LVU38
 318 0000 08B5     		push	{r3, lr}
 319              	.LCFI3:
 320              		.cfi_def_cfa_offset 8
 321              		.cfi_offset 3, -8
 322              		.cfi_offset 14, -4
 252:Core/Src/stm32f4xx_it.c ****   if (htim->Instance == TIM6)
 323              		.loc 1 252 3 is_stmt 1 view .LVU39
 324              		.loc 1 252 11 is_stmt 0 view .LVU40
 325 0002 0268     		ldr	r2, [r0]
 326              		.loc 1 252 6 view .LVU41
 327 0004 054B     		ldr	r3, .L29
 328 0006 9A42     		cmp	r2, r3
 329 0008 00D0     		beq	.L28
 330              	.LVL4:
 331              	.L25:
 253:Core/Src/stm32f4xx_it.c ****     printf("TIM6 expires: %ld\n", HAL_GetTick());
 254:Core/Src/stm32f4xx_it.c **** }
 332              		.loc 1 254 1 view .LVU42
ARM GAS  /tmp/ccEGMemo.s 			page 11


 333 000a 08BD     		pop	{r3, pc}
 334              	.LVL5:
 335              	.L28:
 253:Core/Src/stm32f4xx_it.c ****     printf("TIM6 expires: %ld\n", HAL_GetTick());
 336              		.loc 1 253 5 is_stmt 1 view .LVU43
 337 000c FFF7FEFF 		bl	HAL_GetTick
 338              	.LVL6:
 253:Core/Src/stm32f4xx_it.c ****     printf("TIM6 expires: %ld\n", HAL_GetTick());
 339              		.loc 1 253 5 is_stmt 0 view .LVU44
 340 0010 0146     		mov	r1, r0
 253:Core/Src/stm32f4xx_it.c ****     printf("TIM6 expires: %ld\n", HAL_GetTick());
 341              		.loc 1 253 5 discriminator 1 view .LVU45
 342 0012 0348     		ldr	r0, .L29+4
 343 0014 FFF7FEFF 		bl	printf
 344              	.LVL7:
 345              		.loc 1 254 1 view .LVU46
 346 0018 F7E7     		b	.L25
 347              	.L30:
 348 001a 00BF     		.align	2
 349              	.L29:
 350 001c 00100040 		.word	1073745920
 351 0020 00000000 		.word	.LC0
 352              		.cfi_endproc
 353              	.LFE145:
 355              		.section	.text.EXTI0_IRQHandler,"ax",%progbits
 356              		.align	1
 357              		.global	EXTI0_IRQHandler
 358              		.syntax unified
 359              		.thumb
 360              		.thumb_func
 362              	EXTI0_IRQHandler:
 363              	.LFB146:
 255:Core/Src/stm32f4xx_it.c **** 
 256:Core/Src/stm32f4xx_it.c **** /* USER CODE BEGIN 1 */
 257:Core/Src/stm32f4xx_it.c **** 
 258:Core/Src/stm32f4xx_it.c **** void EXTI0_IRQHandler(void)
 259:Core/Src/stm32f4xx_it.c **** {
 364              		.loc 1 259 1 is_stmt 1 view -0
 365              		.cfi_startproc
 366              		@ args = 0, pretend = 0, frame = 0
 367              		@ frame_needed = 0, uses_anonymous_args = 0
 368 0000 08B5     		push	{r3, lr}
 369              	.LCFI4:
 370              		.cfi_def_cfa_offset 8
 371              		.cfi_offset 3, -8
 372              		.cfi_offset 14, -4
 260:Core/Src/stm32f4xx_it.c ****   HAL_GPIO_EXTI_IRQHandler(GPIO_PIN_0);
 373              		.loc 1 260 3 view .LVU48
 374 0002 0120     		movs	r0, #1
 375 0004 FFF7FEFF 		bl	HAL_GPIO_EXTI_IRQHandler
 376              	.LVL8:
 261:Core/Src/stm32f4xx_it.c **** }
 377              		.loc 1 261 1 is_stmt 0 view .LVU49
 378 0008 08BD     		pop	{r3, pc}
 379              		.cfi_endproc
 380              	.LFE146:
 382              		.section	.text.EXTI15_10_IRQHandler,"ax",%progbits
ARM GAS  /tmp/ccEGMemo.s 			page 12


 383              		.align	1
 384              		.global	EXTI15_10_IRQHandler
 385              		.syntax unified
 386              		.thumb
 387              		.thumb_func
 389              	EXTI15_10_IRQHandler:
 390              	.LFB147:
 262:Core/Src/stm32f4xx_it.c **** 
 263:Core/Src/stm32f4xx_it.c **** void EXTI15_10_IRQHandler(void)
 264:Core/Src/stm32f4xx_it.c **** {
 391              		.loc 1 264 1 is_stmt 1 view -0
 392              		.cfi_startproc
 393              		@ args = 0, pretend = 0, frame = 0
 394              		@ frame_needed = 0, uses_anonymous_args = 0
 395 0000 08B5     		push	{r3, lr}
 396              	.LCFI5:
 397              		.cfi_def_cfa_offset 8
 398              		.cfi_offset 3, -8
 399              		.cfi_offset 14, -4
 265:Core/Src/stm32f4xx_it.c ****   HAL_GPIO_EXTI_IRQHandler(GPIO_PIN_13);
 400              		.loc 1 265 3 view .LVU51
 401 0002 4FF40050 		mov	r0, #8192
 402 0006 FFF7FEFF 		bl	HAL_GPIO_EXTI_IRQHandler
 403              	.LVL9:
 266:Core/Src/stm32f4xx_it.c **** }
 404              		.loc 1 266 1 is_stmt 0 view .LVU52
 405 000a 08BD     		pop	{r3, pc}
 406              		.cfi_endproc
 407              	.LFE147:
 409              		.section	.rodata.HAL_GPIO_EXTI_Callback.str1.4,"aMS",%progbits,1
 410              		.align	2
 411              	.LC1:
 412 0000 4B455931 		.ascii	"KEY1 PRESSED! %ld\012\000"
 412      20505245 
 412      53534544 
 412      2120256C 
 412      640A00
 413 0013 00       		.align	2
 414              	.LC2:
 415 0014 4B455932 		.ascii	"KEY2 PRESSED! %ld\012\000"
 415      20505245 
 415      53534544 
 415      2120256C 
 415      640A00
 416              		.section	.text.HAL_GPIO_EXTI_Callback,"ax",%progbits
 417              		.align	1
 418              		.global	HAL_GPIO_EXTI_Callback
 419              		.syntax unified
 420              		.thumb
 421              		.thumb_func
 423              	HAL_GPIO_EXTI_Callback:
 424              	.LVL10:
 425              	.LFB148:
 267:Core/Src/stm32f4xx_it.c **** 
 268:Core/Src/stm32f4xx_it.c **** void HAL_GPIO_EXTI_Callback(uint16_t GPIO_Pin)
 269:Core/Src/stm32f4xx_it.c **** {
 426              		.loc 1 269 1 is_stmt 1 view -0
ARM GAS  /tmp/ccEGMemo.s 			page 13


 427              		.cfi_startproc
 428              		@ args = 0, pretend = 0, frame = 0
 429              		@ frame_needed = 0, uses_anonymous_args = 0
 430              		.loc 1 269 1 is_stmt 0 view .LVU54
 431 0000 38B5     		push	{r3, r4, r5, lr}
 432              	.LCFI6:
 433              		.cfi_def_cfa_offset 16
 434              		.cfi_offset 3, -16
 435              		.cfi_offset 4, -12
 436              		.cfi_offset 5, -8
 437              		.cfi_offset 14, -4
 270:Core/Src/stm32f4xx_it.c ****     static uint32_t last_key1_tick = 0;
 438              		.loc 1 270 5 is_stmt 1 view .LVU55
 271:Core/Src/stm32f4xx_it.c ****     static uint32_t last_key2_tick = 0;
 439              		.loc 1 271 5 view .LVU56
 272:Core/Src/stm32f4xx_it.c ****     switch(GPIO_Pin)
 440              		.loc 1 272 5 view .LVU57
 441 0002 0128     		cmp	r0, #1
 442 0004 03D0     		beq	.L36
 443 0006 B0F5005F 		cmp	r0, #8192
 444 000a 2ED0     		beq	.L37
 445              	.LVL11:
 446              	.L35:
 273:Core/Src/stm32f4xx_it.c ****     {
 274:Core/Src/stm32f4xx_it.c ****         case GPIO_PIN_0:
 275:Core/Src/stm32f4xx_it.c ****           if (HAL_GetTick() - last_key1_tick > 200)
 276:Core/Src/stm32f4xx_it.c ****           {
 277:Core/Src/stm32f4xx_it.c ****               printf("KEY1 PRESSED! %ld\n", HAL_GetTick());
 278:Core/Src/stm32f4xx_it.c ****               HAL_GPIO_WritePin(GPIOG, GPIO_PIN_7, GPIO_PIN_SET);
 279:Core/Src/stm32f4xx_it.c ****               HAL_GPIO_WritePin(GPIOF, GPIO_PIN_8, GPIO_PIN_RESET);
 280:Core/Src/stm32f4xx_it.c ****               HAL_Delay(500);
 281:Core/Src/stm32f4xx_it.c ****               HAL_GPIO_WritePin(GPIOG, GPIO_PIN_7, GPIO_PIN_RESET);
 282:Core/Src/stm32f4xx_it.c ****               HAL_GPIO_WritePin(GPIOF, GPIO_PIN_8, GPIO_PIN_SET);
 283:Core/Src/stm32f4xx_it.c ****               last_key1_tick = HAL_GetTick();
 284:Core/Src/stm32f4xx_it.c ****           }
 285:Core/Src/stm32f4xx_it.c ****           break;
 286:Core/Src/stm32f4xx_it.c ****         case GPIO_PIN_13:
 287:Core/Src/stm32f4xx_it.c ****           if (HAL_GetTick() - last_key2_tick > 200)
 288:Core/Src/stm32f4xx_it.c ****           {
 289:Core/Src/stm32f4xx_it.c ****               printf("KEY2 PRESSED! %ld\n", HAL_GetTick());
 290:Core/Src/stm32f4xx_it.c ****               i_flash = 5;
 291:Core/Src/stm32f4xx_it.c ****               last_key2_tick = HAL_GetTick();
 292:Core/Src/stm32f4xx_it.c ****           }
 293:Core/Src/stm32f4xx_it.c ****           break;
 294:Core/Src/stm32f4xx_it.c ****     }
 295:Core/Src/stm32f4xx_it.c **** }
 447              		.loc 1 295 1 is_stmt 0 view .LVU58
 448 000c 38BD     		pop	{r3, r4, r5, pc}
 449              	.LVL12:
 450              	.L36:
 275:Core/Src/stm32f4xx_it.c ****           {
 451              		.loc 1 275 11 is_stmt 1 view .LVU59
 275:Core/Src/stm32f4xx_it.c ****           {
 452              		.loc 1 275 15 is_stmt 0 view .LVU60
 453 000e FFF7FEFF 		bl	HAL_GetTick
 454              	.LVL13:
 275:Core/Src/stm32f4xx_it.c ****           {
ARM GAS  /tmp/ccEGMemo.s 			page 14


 455              		.loc 1 275 29 discriminator 1 view .LVU61
 456 0012 204B     		ldr	r3, .L40
 457 0014 1B68     		ldr	r3, [r3]
 458 0016 C01A     		subs	r0, r0, r3
 275:Core/Src/stm32f4xx_it.c ****           {
 459              		.loc 1 275 14 discriminator 1 view .LVU62
 460 0018 C828     		cmp	r0, #200
 461 001a F7D9     		bls	.L35
 277:Core/Src/stm32f4xx_it.c ****               HAL_GPIO_WritePin(GPIOG, GPIO_PIN_7, GPIO_PIN_SET);
 462              		.loc 1 277 15 is_stmt 1 view .LVU63
 463 001c FFF7FEFF 		bl	HAL_GetTick
 464              	.LVL14:
 465 0020 0146     		mov	r1, r0
 277:Core/Src/stm32f4xx_it.c ****               HAL_GPIO_WritePin(GPIOG, GPIO_PIN_7, GPIO_PIN_SET);
 466              		.loc 1 277 15 is_stmt 0 discriminator 1 view .LVU64
 467 0022 1D48     		ldr	r0, .L40+4
 468 0024 FFF7FEFF 		bl	printf
 469              	.LVL15:
 278:Core/Src/stm32f4xx_it.c ****               HAL_GPIO_WritePin(GPIOF, GPIO_PIN_8, GPIO_PIN_RESET);
 470              		.loc 1 278 15 is_stmt 1 view .LVU65
 471 0028 1C4D     		ldr	r5, .L40+8
 472 002a 0122     		movs	r2, #1
 473 002c 8021     		movs	r1, #128
 474 002e 2846     		mov	r0, r5
 475 0030 FFF7FEFF 		bl	HAL_GPIO_WritePin
 476              	.LVL16:
 279:Core/Src/stm32f4xx_it.c ****               HAL_Delay(500);
 477              		.loc 1 279 15 view .LVU66
 478 0034 1A4C     		ldr	r4, .L40+12
 479 0036 0022     		movs	r2, #0
 480 0038 4FF48071 		mov	r1, #256
 481 003c 2046     		mov	r0, r4
 482 003e FFF7FEFF 		bl	HAL_GPIO_WritePin
 483              	.LVL17:
 280:Core/Src/stm32f4xx_it.c ****               HAL_GPIO_WritePin(GPIOG, GPIO_PIN_7, GPIO_PIN_RESET);
 484              		.loc 1 280 15 view .LVU67
 485 0042 4FF4FA70 		mov	r0, #500
 486 0046 FFF7FEFF 		bl	HAL_Delay
 487              	.LVL18:
 281:Core/Src/stm32f4xx_it.c ****               HAL_GPIO_WritePin(GPIOF, GPIO_PIN_8, GPIO_PIN_SET);
 488              		.loc 1 281 15 view .LVU68
 489 004a 0022     		movs	r2, #0
 490 004c 8021     		movs	r1, #128
 491 004e 2846     		mov	r0, r5
 492 0050 FFF7FEFF 		bl	HAL_GPIO_WritePin
 493              	.LVL19:
 282:Core/Src/stm32f4xx_it.c ****               last_key1_tick = HAL_GetTick();
 494              		.loc 1 282 15 view .LVU69
 495 0054 0122     		movs	r2, #1
 496 0056 4FF48071 		mov	r1, #256
 497 005a 2046     		mov	r0, r4
 498 005c FFF7FEFF 		bl	HAL_GPIO_WritePin
 499              	.LVL20:
 283:Core/Src/stm32f4xx_it.c ****           }
 500              		.loc 1 283 15 view .LVU70
 283:Core/Src/stm32f4xx_it.c ****           }
 501              		.loc 1 283 32 is_stmt 0 view .LVU71
ARM GAS  /tmp/ccEGMemo.s 			page 15


 502 0060 FFF7FEFF 		bl	HAL_GetTick
 503              	.LVL21:
 283:Core/Src/stm32f4xx_it.c ****           }
 504              		.loc 1 283 30 discriminator 1 view .LVU72
 505 0064 0B4B     		ldr	r3, .L40
 506 0066 1860     		str	r0, [r3]
 507 0068 D0E7     		b	.L35
 508              	.LVL22:
 509              	.L37:
 287:Core/Src/stm32f4xx_it.c ****           {
 510              		.loc 1 287 11 is_stmt 1 view .LVU73
 287:Core/Src/stm32f4xx_it.c ****           {
 511              		.loc 1 287 15 is_stmt 0 view .LVU74
 512 006a FFF7FEFF 		bl	HAL_GetTick
 513              	.LVL23:
 287:Core/Src/stm32f4xx_it.c ****           {
 514              		.loc 1 287 29 discriminator 1 view .LVU75
 515 006e 0D4B     		ldr	r3, .L40+16
 516 0070 1B68     		ldr	r3, [r3]
 517 0072 C01A     		subs	r0, r0, r3
 287:Core/Src/stm32f4xx_it.c ****           {
 518              		.loc 1 287 14 discriminator 1 view .LVU76
 519 0074 C828     		cmp	r0, #200
 520 0076 C9D9     		bls	.L35
 289:Core/Src/stm32f4xx_it.c ****               i_flash = 5;
 521              		.loc 1 289 15 is_stmt 1 view .LVU77
 522 0078 FFF7FEFF 		bl	HAL_GetTick
 523              	.LVL24:
 524 007c 0146     		mov	r1, r0
 289:Core/Src/stm32f4xx_it.c ****               i_flash = 5;
 525              		.loc 1 289 15 is_stmt 0 discriminator 1 view .LVU78
 526 007e 0A48     		ldr	r0, .L40+20
 527 0080 FFF7FEFF 		bl	printf
 528              	.LVL25:
 290:Core/Src/stm32f4xx_it.c ****               last_key2_tick = HAL_GetTick();
 529              		.loc 1 290 15 is_stmt 1 view .LVU79
 290:Core/Src/stm32f4xx_it.c ****               last_key2_tick = HAL_GetTick();
 530              		.loc 1 290 23 is_stmt 0 view .LVU80
 531 0084 094B     		ldr	r3, .L40+24
 532 0086 0522     		movs	r2, #5
 533 0088 1A60     		str	r2, [r3]
 291:Core/Src/stm32f4xx_it.c ****           }
 534              		.loc 1 291 15 is_stmt 1 view .LVU81
 291:Core/Src/stm32f4xx_it.c ****           }
 535              		.loc 1 291 32 is_stmt 0 view .LVU82
 536 008a FFF7FEFF 		bl	HAL_GetTick
 537              	.LVL26:
 291:Core/Src/stm32f4xx_it.c ****           }
 538              		.loc 1 291 30 discriminator 1 view .LVU83
 539 008e 054B     		ldr	r3, .L40+16
 540 0090 1860     		str	r0, [r3]
 541              		.loc 1 295 1 view .LVU84
 542 0092 BBE7     		b	.L35
 543              	.L41:
 544              		.align	2
 545              	.L40:
 546 0094 00000000 		.word	last_key1_tick.1
ARM GAS  /tmp/ccEGMemo.s 			page 16


 547 0098 00000000 		.word	.LC1
 548 009c 00180240 		.word	1073879040
 549 00a0 00140240 		.word	1073878016
 550 00a4 00000000 		.word	last_key2_tick.0
 551 00a8 14000000 		.word	.LC2
 552 00ac 00000000 		.word	i_flash
 553              		.cfi_endproc
 554              	.LFE148:
 556              		.section	.bss.last_key2_tick.0,"aw",%nobits
 557              		.align	2
 560              	last_key2_tick.0:
 561 0000 00000000 		.space	4
 562              		.section	.bss.last_key1_tick.1,"aw",%nobits
 563              		.align	2
 566              	last_key1_tick.1:
 567 0000 00000000 		.space	4
 568              		.text
 569              	.Letext0:
 570              		.file 2 "/usr/lib/gcc/arm-none-eabi/13.2.1/include/stdint.h"
 571              		.file 3 "Drivers/CMSIS/Device/ST/STM32F4xx/Include/stm32f407xx.h"
 572              		.file 4 "Drivers/STM32F4xx_HAL_Driver/Inc/stm32f4xx_hal_def.h"
 573              		.file 5 "Drivers/STM32F4xx_HAL_Driver/Inc/stm32f4xx_hal_gpio.h"
 574              		.file 6 "Drivers/STM32F4xx_HAL_Driver/Inc/stm32f4xx_hal_dma.h"
 575              		.file 7 "Drivers/STM32F4xx_HAL_Driver/Inc/stm32f4xx_hal_tim.h"
 576              		.file 8 "Drivers/STM32F4xx_HAL_Driver/Inc/stm32f4xx_hal_uart.h"
 577              		.file 9 "Drivers/STM32F4xx_HAL_Driver/Inc/stm32f4xx_hal.h"
 578              		.file 10 "/usr/include/newlib/stdio.h"
ARM GAS  /tmp/ccEGMemo.s 			page 17


DEFINED SYMBOLS
                            *ABS*:00000000 stm32f4xx_it.c
     /tmp/ccEGMemo.s:21     .text.NMI_Handler:00000000 $t
     /tmp/ccEGMemo.s:27     .text.NMI_Handler:00000000 NMI_Handler
     /tmp/ccEGMemo.s:44     .text.HardFault_Handler:00000000 $t
     /tmp/ccEGMemo.s:50     .text.HardFault_Handler:00000000 HardFault_Handler
     /tmp/ccEGMemo.s:67     .text.MemManage_Handler:00000000 $t
     /tmp/ccEGMemo.s:73     .text.MemManage_Handler:00000000 MemManage_Handler
     /tmp/ccEGMemo.s:90     .text.BusFault_Handler:00000000 $t
     /tmp/ccEGMemo.s:96     .text.BusFault_Handler:00000000 BusFault_Handler
     /tmp/ccEGMemo.s:113    .text.UsageFault_Handler:00000000 $t
     /tmp/ccEGMemo.s:119    .text.UsageFault_Handler:00000000 UsageFault_Handler
     /tmp/ccEGMemo.s:136    .text.SVC_Handler:00000000 $t
     /tmp/ccEGMemo.s:142    .text.SVC_Handler:00000000 SVC_Handler
     /tmp/ccEGMemo.s:155    .text.DebugMon_Handler:00000000 $t
     /tmp/ccEGMemo.s:161    .text.DebugMon_Handler:00000000 DebugMon_Handler
     /tmp/ccEGMemo.s:174    .text.PendSV_Handler:00000000 $t
     /tmp/ccEGMemo.s:180    .text.PendSV_Handler:00000000 PendSV_Handler
     /tmp/ccEGMemo.s:193    .text.SysTick_Handler:00000000 $t
     /tmp/ccEGMemo.s:199    .text.SysTick_Handler:00000000 SysTick_Handler
     /tmp/ccEGMemo.s:219    .text.RCC_IRQHandler:00000000 $t
     /tmp/ccEGMemo.s:225    .text.RCC_IRQHandler:00000000 RCC_IRQHandler
     /tmp/ccEGMemo.s:238    .text.USART1_IRQHandler:00000000 $t
     /tmp/ccEGMemo.s:244    .text.USART1_IRQHandler:00000000 USART1_IRQHandler
     /tmp/ccEGMemo.s:264    .text.USART1_IRQHandler:0000000c $d
     /tmp/ccEGMemo.s:269    .text.TIM6_DAC_IRQHandler:00000000 $t
     /tmp/ccEGMemo.s:275    .text.TIM6_DAC_IRQHandler:00000000 TIM6_DAC_IRQHandler
     /tmp/ccEGMemo.s:295    .text.TIM6_DAC_IRQHandler:0000000c $d
     /tmp/ccEGMemo.s:300    .rodata.HAL_TIM_PeriodElapsedCallback.str1.4:00000000 $d
     /tmp/ccEGMemo.s:304    .text.HAL_TIM_PeriodElapsedCallback:00000000 $t
     /tmp/ccEGMemo.s:310    .text.HAL_TIM_PeriodElapsedCallback:00000000 HAL_TIM_PeriodElapsedCallback
     /tmp/ccEGMemo.s:350    .text.HAL_TIM_PeriodElapsedCallback:0000001c $d
     /tmp/ccEGMemo.s:356    .text.EXTI0_IRQHandler:00000000 $t
     /tmp/ccEGMemo.s:362    .text.EXTI0_IRQHandler:00000000 EXTI0_IRQHandler
     /tmp/ccEGMemo.s:383    .text.EXTI15_10_IRQHandler:00000000 $t
     /tmp/ccEGMemo.s:389    .text.EXTI15_10_IRQHandler:00000000 EXTI15_10_IRQHandler
     /tmp/ccEGMemo.s:410    .rodata.HAL_GPIO_EXTI_Callback.str1.4:00000000 $d
     /tmp/ccEGMemo.s:417    .text.HAL_GPIO_EXTI_Callback:00000000 $t
     /tmp/ccEGMemo.s:423    .text.HAL_GPIO_EXTI_Callback:00000000 HAL_GPIO_EXTI_Callback
     /tmp/ccEGMemo.s:546    .text.HAL_GPIO_EXTI_Callback:00000094 $d
     /tmp/ccEGMemo.s:566    .bss.last_key1_tick.1:00000000 last_key1_tick.1
     /tmp/ccEGMemo.s:560    .bss.last_key2_tick.0:00000000 last_key2_tick.0
     /tmp/ccEGMemo.s:557    .bss.last_key2_tick.0:00000000 $d
     /tmp/ccEGMemo.s:563    .bss.last_key1_tick.1:00000000 $d

UNDEFINED SYMBOLS
HAL_IncTick
HAL_UART_IRQHandler
huart1
HAL_TIM_IRQHandler
htim6
HAL_GetTick
printf
HAL_GPIO_EXTI_IRQHandler
HAL_GPIO_WritePin
HAL_Delay
i_flash
ARM GAS  /tmp/ccEGMemo.s 			page 18


